---------------------------------------------------------------
[ 2017-05-13T23:09:56+08:00 ] 127.0.0.1 127.0.0.1 GET /admin/
[ info ] gamebeta.cn/admin/ [运行时间：1.121896s][吞吐率：0.89req/s] [内存消耗：1,396.23kb] [文件加载：48]
[ info ] [ LANG ] G:\www11\gamebeta01\thinkphp\lang\zh-cn.php
[ info ] [ ROUTE ] array (
  'type' => 'module',
  'module' => 
  array (
    0 => 'admin',
    1 => NULL,
    2 => NULL,
  ),
)
[ info ] [ HEADER ] array (
  'cookie' => 'pgv_pvi=9371719680',
  'accept-language' => 'zh-CN,zh;q=0.8',
  'accept-encoding' => 'gzip, deflate, sdch',
  'user-agent' => 'Mozilla/5.0 (Windows NT 6.2; WOW64) AppleWebKit/537.36 (KHTML, like Gecko) Chrome/49.0.2623.221 Safari/537.36 SE 2.X MetaSr 1.0',
  'upgrade-insecure-requests' => '1',
  'accept' => 'text/html,application/xhtml+xml,application/xml;q=0.9,image/webp,*/*;q=0.8',
  'cache-control' => 'max-age=0',
  'connection' => 'close',
  'host' => 'gamebeta.cn',
)
[ info ] [ PARAM ] array (
)
[ info ] [ SESSION ] INIT array (
  'id' => '',
  'var_session_id' => '',
  'prefix' => 'think',
  'type' => '',
  'auto_start' => true,
)
[ info ] [ LOG ] INIT File
---------------------------------------------------------------
[ 2017-05-13T23:09:57+08:00 ] 127.0.0.1 127.0.0.1 GET /admin/init/index.html
[ info ] gamebeta.cn/admin/init/index.html [运行时间：0.308313s][吞吐率：3.24req/s] [内存消耗：2,184.70kb] [文件加载：55]
[ info ] [ LANG ] G:\www11\gamebeta01\thinkphp\lang\zh-cn.php
[ info ] [ ROUTE ] array (
  'type' => 'module',
  'module' => 
  array (
    0 => 'admin',
    1 => 'init',
    2 => 'index',
  ),
)
[ info ] [ HEADER ] array (
  'cookie' => 'pgv_pvi=9371719680; PHPSESSID=9d58n86onlvg5d49qhj2dq99t0',
  'accept-language' => 'zh-CN,zh;q=0.8',
  'accept-encoding' => 'gzip, deflate, sdch',
  'user-agent' => 'Mozilla/5.0 (Windows NT 6.2; WOW64) AppleWebKit/537.36 (KHTML, like Gecko) Chrome/49.0.2623.221 Safari/537.36 SE 2.X MetaSr 1.0',
  'upgrade-insecure-requests' => '1',
  'accept' => 'text/html,application/xhtml+xml,application/xml;q=0.9,image/webp,*/*;q=0.8',
  'cache-control' => 'max-age=0',
  'connection' => 'close',
  'host' => 'gamebeta.cn',
)
[ info ] [ PARAM ] array (
)
[ info ] [ RUN ] app\admin\controller\Init->index[ G:\www11\gamebeta01\application\admin\controller\Init.php ]
[ info ] [ DB ] INIT mysql
[ info ] [ VIEW ] G:\www11\gamebeta01\public/../application/admin\view\init\index.html [ array (
) ]
[ info ] [ LOG ] INIT File
---------------------------------------------------------------
[ 2017-05-13T23:10:58+08:00 ] 127.0.0.1 127.0.0.1 POST /admin/init/index.html
[ info ] gamebeta.cn/admin/init/index.html [运行时间：1.558771s][吞吐率：0.64req/s] [内存消耗：2,202.39kb] [文件加载：55]
[ info ] [ LANG ] G:\www11\gamebeta01\thinkphp\lang\zh-cn.php
[ info ] [ ROUTE ] array (
  'type' => 'module',
  'module' => 
  array (
    0 => 'admin',
    1 => 'init',
    2 => 'index',
  ),
)
[ info ] [ HEADER ] array (
  'cookie' => 'pgv_pvi=9371719680; PHPSESSID=9d58n86onlvg5d49qhj2dq99t0',
  'accept-language' => 'zh-CN,zh;q=0.8',
  'accept-encoding' => 'gzip, deflate',
  'referer' => 'http://gamebeta.cn/admin/init/index.html',
  'content-type' => 'application/x-www-form-urlencoded; charset=UTF-8',
  'user-agent' => 'Mozilla/5.0 (Windows NT 6.2; WOW64) AppleWebKit/537.36 (KHTML, like Gecko) Chrome/49.0.2623.221 Safari/537.36 SE 2.X MetaSr 1.0',
  'x-requested-with' => 'XMLHttpRequest',
  'origin' => 'http://gamebeta.cn',
  'accept' => 'application/json, text/javascript, */*; q=0.01',
  'content-length' => '24',
  'connection' => 'close',
  'host' => 'gamebeta.cn',
)
[ info ] [ PARAM ] array (
  'id' => 'admin',
  'password' => '123123',
)
[ info ] [ RUN ] app\admin\controller\Init->index[ G:\www11\gamebeta01\application\admin\controller\Init.php ]
[ info ] [ DB ] INIT mysql
[ info ] [ SESSION ] INIT array (
  'id' => '',
  'var_session_id' => '',
  'prefix' => 'think',
  'type' => '',
  'auto_start' => true,
)
[ info ] [ LOG ] INIT File
[ sql ] [ DB ] CONNECT:[ UseTime:0.216690s ] mysql:dbname=gamebeta;host=127.0.0.1;charset=utf8
[ sql ] [ SQL ] SHOW COLUMNS FROM `game_manager` [ RunTime:0.223579s ]
[ sql ] [ SQL ] SELECT * FROM `game_manager` WHERE  `manager_account` = 'admin' LIMIT 1 [ RunTime:0.145327s ]
---------------------------------------------------------------
[ 2017-05-13T23:11:01+08:00 ] 127.0.0.1 127.0.0.1 GET /admin/index/index.html
[ info ] gamebeta.cn/admin/index/index.html [运行时间：0.828332s][吞吐率：1.21req/s] [内存消耗：1,989.11kb] [文件加载：54]
[ info ] [ LANG ] G:\www11\gamebeta01\thinkphp\lang\zh-cn.php
[ info ] [ ROUTE ] array (
  'type' => 'module',
  'module' => 
  array (
    0 => 'admin',
    1 => 'index',
    2 => 'index',
  ),
)
[ info ] [ HEADER ] array (
  'cookie' => 'pgv_pvi=9371719680; PHPSESSID=9d58n86onlvg5d49qhj2dq99t0',
  'accept-language' => 'zh-CN,zh;q=0.8',
  'accept-encoding' => 'gzip, deflate, sdch',
  'referer' => 'http://gamebeta.cn/admin/init/index.html',
  'user-agent' => 'Mozilla/5.0 (Windows NT 6.2; WOW64) AppleWebKit/537.36 (KHTML, like Gecko) Chrome/49.0.2623.221 Safari/537.36 SE 2.X MetaSr 1.0',
  'upgrade-insecure-requests' => '1',
  'accept' => 'text/html,application/xhtml+xml,application/xml;q=0.9,image/webp,*/*;q=0.8',
  'connection' => 'close',
  'host' => 'gamebeta.cn',
)
[ info ] [ PARAM ] array (
)
[ info ] [ SESSION ] INIT array (
  'id' => '',
  'var_session_id' => '',
  'prefix' => 'think',
  'type' => '',
  'auto_start' => true,
)
[ info ] [ DB ] INIT mysql
[ info ] [ DB ] INIT mysql
[ info ] [ RUN ] app\admin\controller\Index->index[ G:\www11\gamebeta01\application\admin\controller\Index.php ]
[ info ] [ VIEW ] G:\www11\gamebeta01\public/../application/admin\view\index\index.html [ array (
) ]
[ info ] [ LOG ] INIT File
[ sql ] [ DB ] CONNECT:[ UseTime:0.000756s ] mysql:dbname=gamebeta;host=127.0.0.1;charset=utf8
[ sql ] [ SQL ] SHOW COLUMNS FROM `game_role` [ RunTime:0.441674s ]
[ sql ] [ SQL ] SELECT * FROM `game_role` WHERE  `role_id` = 4 LIMIT 1 [ RunTime:0.001413s ]
[ sql ] [ DB ] CONNECT:[ UseTime:0.015381s ] mysql:dbname=gamebeta;host=127.0.0.1;charset=utf8
[ sql ] [ SQL ] SHOW COLUMNS FROM `game_power` [ RunTime:0.244110s ]
[ sql ] [ SQL ] SELECT * FROM `game_power` WHERE  `power_id` IN (16,15,17) [ RunTime:0.000578s ]
---------------------------------------------------------------
[ 2017-05-13T23:11:04+08:00 ] 127.0.0.1 127.0.0.1 GET /admin/index/favicon.ico
[ info ] gamebeta.cn/admin/index/favicon.ico [运行时间：2.376980s][吞吐率：0.42req/s] [内存消耗：1,963.37kb] [文件加载：55]
[ info ] [ LANG ] G:\www11\gamebeta01\thinkphp\lang\zh-cn.php
[ info ] [ ROUTE ] array (
  'type' => 'module',
  'module' => 
  array (
    0 => 'admin',
    1 => 'index',
    2 => 'favicon.ico',
  ),
)
[ info ] [ HEADER ] array (
  'cookie' => 'pgv_pvi=9371719680; PHPSESSID=9d58n86onlvg5d49qhj2dq99t0',
  'accept-encoding' => 'gzip, deflate, sdch',
  'user-agent' => 'Mozilla/5.0 (Windows NT 6.2; WOW64) AppleWebKit/537.36 (KHTML, like Gecko) Chrome/49.0.2623.221 Safari/537.36 SE 2.X MetaSr 1.0',
  'connection' => 'close',
  'host' => 'gamebeta.cn',
)
[ info ] [ PARAM ] array (
)
[ info ] [ SESSION ] INIT array (
  'id' => '',
  'var_session_id' => '',
  'prefix' => 'think',
  'type' => '',
  'auto_start' => true,
)
[ info ] [ DB ] INIT mysql
[ info ] [ DB ] INIT mysql
[ info ] [ LOG ] INIT File
[ sql ] [ DB ] CONNECT:[ UseTime:0.000884s ] mysql:dbname=gamebeta;host=127.0.0.1;charset=utf8
[ sql ] [ SQL ] SHOW COLUMNS FROM `game_role` [ RunTime:0.009617s ]
[ sql ] [ SQL ] SELECT * FROM `game_role` WHERE  `role_id` = 4 LIMIT 1 [ RunTime:0.000508s ]
[ sql ] [ DB ] CONNECT:[ UseTime:0.001067s ] mysql:dbname=gamebeta;host=127.0.0.1;charset=utf8
[ sql ] [ SQL ] SHOW COLUMNS FROM `game_power` [ RunTime:0.007101s ]
[ sql ] [ SQL ] SELECT * FROM `game_power` WHERE  `power_id` IN (16,15,17) [ RunTime:0.000356s ]
---------------------------------------------------------------
[ 2017-05-13T23:11:14+08:00 ] 127.0.0.1 127.0.0.1 GET /admin/manager/list_manager.html
[ info ] gamebeta.cn/admin/manager/list_manager.html [运行时间：0.554034s][吞吐率：1.80req/s] [内存消耗：2,508.45kb] [文件加载：63]
[ info ] [ LANG ] G:\www11\gamebeta01\thinkphp\lang\zh-cn.php
[ info ] [ ROUTE ] array (
  'type' => 'module',
  'module' => 
  array (
    0 => 'admin',
    1 => 'manager',
    2 => 'list_manager',
  ),
)
[ info ] [ HEADER ] array (
  'cookie' => 'pgv_pvi=9371719680; PHPSESSID=9d58n86onlvg5d49qhj2dq99t0',
  'accept-language' => 'zh-CN,zh;q=0.8',
  'accept-encoding' => 'gzip, deflate, sdch',
  'referer' => 'http://gamebeta.cn/admin/index/index.html',
  'user-agent' => 'Mozilla/5.0 (Windows NT 6.2; WOW64) AppleWebKit/537.36 (KHTML, like Gecko) Chrome/49.0.2623.221 Safari/537.36 SE 2.X MetaSr 1.0',
  'upgrade-insecure-requests' => '1',
  'accept' => 'text/html,application/xhtml+xml,application/xml;q=0.9,image/webp,*/*;q=0.8',
  'connection' => 'close',
  'host' => 'gamebeta.cn',
)
[ info ] [ PARAM ] array (
)
[ info ] [ DB ] INIT mysql
[ info ] [ SESSION ] INIT array (
  'id' => '',
  'var_session_id' => '',
  'prefix' => 'think',
  'type' => '',
  'auto_start' => true,
)
[ info ] [ DB ] INIT mysql
[ info ] [ DB ] INIT mysql
[ info ] [ RUN ] app\admin\controller\Manager->list_manager[ G:\www11\gamebeta01\application\admin\controller\Manager.php ]
[ info ] [ VIEW ] G:\www11\gamebeta01\public/../application/admin\view\manager\list_manager.html [ array (
  0 => 'all_count',
  1 => 'list',
) ]
[ info ] [ LOG ] INIT File
[ sql ] [ DB ] CONNECT:[ UseTime:0.001905s ] mysql:dbname=gamebeta;host=127.0.0.1;charset=utf8
[ sql ] [ SQL ] SHOW COLUMNS FROM `game_role` [ RunTime:0.037503s ]
[ sql ] [ SQL ] SELECT * FROM `game_role` WHERE  `role_id` = 4 LIMIT 1 [ RunTime:0.000725s ]
[ sql ] [ DB ] CONNECT:[ UseTime:0.001533s ] mysql:dbname=gamebeta;host=127.0.0.1;charset=utf8
[ sql ] [ SQL ] SHOW COLUMNS FROM `game_power` [ RunTime:0.010537s ]
[ sql ] [ SQL ] SELECT * FROM `game_power` WHERE  `power_id` IN (16,15,17) [ RunTime:0.000536s ]
[ sql ] [ DB ] CONNECT:[ UseTime:0.002694s ] mysql:dbname=gamebeta;host=127.0.0.1;charset=utf8
[ sql ] [ SQL ] SHOW COLUMNS FROM `game_manager` [ RunTime:0.011952s ]
[ sql ] [ SQL ] SELECT COUNT(*) AS tp_count FROM `game_manager` LIMIT 1 [ RunTime:0.000471s ]
[ sql ] [ SQL ] SELECT * FROM `game_manager` LIMIT 0,20 [ RunTime:0.000524s ]
[ sql ] [ SQL ] SELECT COUNT(*) AS tp_count FROM `game_manager` LIMIT 1 [ RunTime:0.001133s ]
[ sql ] [ SQL ] SELECT COUNT(*) AS tp_count FROM `game_role` LIMIT 1 [ RunTime:0.001757s ]
[ sql ] [ SQL ] SELECT * FROM `game_role` LIMIT 0,20 [ RunTime:0.002298s ]
---------------------------------------------------------------
[ 2017-05-13T23:11:15+08:00 ] 127.0.0.1 127.0.0.1 GET /admin/manager/favicon.ico
[ info ] gamebeta.cn/admin/manager/favicon.ico [运行时间：0.170569s][吞吐率：5.86req/s] [内存消耗：2,365.40kb] [文件加载：61]
[ info ] [ LANG ] G:\www11\gamebeta01\thinkphp\lang\zh-cn.php
[ info ] [ ROUTE ] array (
  'type' => 'module',
  'module' => 
  array (
    0 => 'admin',
    1 => 'manager',
    2 => 'favicon.ico',
  ),
)
[ info ] [ HEADER ] array (
  'cookie' => 'pgv_pvi=9371719680; PHPSESSID=9d58n86onlvg5d49qhj2dq99t0',
  'accept-encoding' => 'gzip, deflate, sdch',
  'user-agent' => 'Mozilla/5.0 (Windows NT 6.2; WOW64) AppleWebKit/537.36 (KHTML, like Gecko) Chrome/49.0.2623.221 Safari/537.36 SE 2.X MetaSr 1.0',
  'connection' => 'close',
  'host' => 'gamebeta.cn',
)
[ info ] [ PARAM ] array (
)
[ info ] [ DB ] INIT mysql
[ info ] [ SESSION ] INIT array (
  'id' => '',
  'var_session_id' => '',
  'prefix' => 'think',
  'type' => '',
  'auto_start' => true,
)
[ info ] [ DB ] INIT mysql
[ info ] [ DB ] INIT mysql
[ info ] [ LOG ] INIT File
[ sql ] [ DB ] CONNECT:[ UseTime:0.000932s ] mysql:dbname=gamebeta;host=127.0.0.1;charset=utf8
[ sql ] [ SQL ] SHOW COLUMNS FROM `game_role` [ RunTime:0.081739s ]
[ sql ] [ SQL ] SELECT * FROM `game_role` WHERE  `role_id` = 4 LIMIT 1 [ RunTime:0.000518s ]
[ sql ] [ DB ] CONNECT:[ UseTime:0.002239s ] mysql:dbname=gamebeta;host=127.0.0.1;charset=utf8
[ sql ] [ SQL ] SHOW COLUMNS FROM `game_power` [ RunTime:0.012202s ]
[ sql ] [ SQL ] SELECT * FROM `game_power` WHERE  `power_id` IN (16,15,17) [ RunTime:0.000583s ]
---------------------------------------------------------------
[ 2017-05-13T23:43:19+08:00 ] 127.0.0.1 127.0.0.1 GET /admin/manager/list_manager.html
[ info ] gamebeta.cn/admin/manager/list_manager.html [运行时间：0.458644s][吞吐率：2.18req/s] [内存消耗：2,643.62kb] [文件加载：65]
[ info ] [ LANG ] G:\www11\gamebeta01\thinkphp\lang\zh-cn.php
[ info ] [ ROUTE ] array (
  'type' => 'module',
  'module' => 
  array (
    0 => 'admin',
    1 => 'manager',
    2 => 'list_manager',
  ),
)
[ info ] [ HEADER ] array (
  'cookie' => 'pgv_pvi=9371719680; PHPSESSID=9d58n86onlvg5d49qhj2dq99t0',
  'accept-language' => 'zh-CN,zh;q=0.8',
  'accept-encoding' => 'gzip, deflate, sdch',
  'referer' => 'http://gamebeta.cn/admin/index/index.html',
  'user-agent' => 'Mozilla/5.0 (Windows NT 6.2; WOW64) AppleWebKit/537.36 (KHTML, like Gecko) Chrome/49.0.2623.221 Safari/537.36 SE 2.X MetaSr 1.0',
  'upgrade-insecure-requests' => '1',
  'accept' => 'text/html,application/xhtml+xml,application/xml;q=0.9,image/webp,*/*;q=0.8',
  'cache-control' => 'max-age=0',
  'connection' => 'close',
  'host' => 'gamebeta.cn',
)
[ info ] [ PARAM ] array (
)
[ info ] [ DB ] INIT mysql
[ info ] [ SESSION ] INIT array (
  'id' => '',
  'var_session_id' => '',
  'prefix' => 'think',
  'type' => '',
  'auto_start' => true,
)
[ info ] [ DB ] INIT mysql
[ info ] [ DB ] INIT mysql
[ info ] [ RUN ] app\admin\controller\Manager->list_manager[ G:\www11\gamebeta01\application\admin\controller\Manager.php ]
[ info ] [ VIEW ] G:\www11\gamebeta01\public/../application/admin\view\manager\list_manager.html [ array (
  0 => 'all_count',
  1 => 'list',
) ]
[ info ] [ LOG ] INIT File
[ sql ] [ DB ] CONNECT:[ UseTime:0.065618s ] mysql:dbname=gamebeta;host=127.0.0.1;charset=utf8
[ sql ] [ SQL ] SHOW COLUMNS FROM `game_role` [ RunTime:0.037445s ]
[ sql ] [ SQL ] SELECT * FROM `game_role` WHERE  `role_id` = 4 LIMIT 1 [ RunTime:0.000623s ]
[ sql ] [ DB ] CONNECT:[ UseTime:0.001698s ] mysql:dbname=gamebeta;host=127.0.0.1;charset=utf8
[ sql ] [ SQL ] SHOW COLUMNS FROM `game_power` [ RunTime:0.008176s ]
[ sql ] [ SQL ] SELECT * FROM `game_power` WHERE  `power_id` IN (16,15,17) [ RunTime:0.000465s ]
[ sql ] [ DB ] CONNECT:[ UseTime:0.001078s ] mysql:dbname=gamebeta;host=127.0.0.1;charset=utf8
[ sql ] [ SQL ] SHOW COLUMNS FROM `game_manager` [ RunTime:0.054307s ]
[ sql ] [ SQL ] SELECT COUNT(*) AS tp_count FROM `game_manager` LIMIT 1 [ RunTime:0.000653s ]
[ sql ] [ SQL ] SELECT * FROM `game_manager` LIMIT 0,20 [ RunTime:0.004909s ]
[ sql ] [ SQL ] SELECT COUNT(*) AS tp_count FROM `game_manager` LIMIT 1 [ RunTime:0.000709s ]
[ sql ] [ SQL ] SELECT COUNT(*) AS tp_count FROM `game_role` LIMIT 1 [ RunTime:0.000606s ]
[ sql ] [ SQL ] SELECT * FROM `game_role` LIMIT 0,20 [ RunTime:0.000738s ]
---------------------------------------------------------------
[ 2017-05-13T23:43:20+08:00 ] 127.0.0.1 127.0.0.1 GET /admin/manager/favicon.ico
[ info ] gamebeta.cn/admin/manager/favicon.ico [运行时间：0.862287s][吞吐率：1.16req/s] [内存消耗：2,365.40kb] [文件加载：61]
[ info ] [ LANG ] G:\www11\gamebeta01\thinkphp\lang\zh-cn.php
[ info ] [ ROUTE ] array (
  'type' => 'module',
  'module' => 
  array (
    0 => 'admin',
    1 => 'manager',
    2 => 'favicon.ico',
  ),
)
[ info ] [ HEADER ] array (
  'cookie' => 'pgv_pvi=9371719680; PHPSESSID=9d58n86onlvg5d49qhj2dq99t0',
  'accept-encoding' => 'gzip, deflate, sdch',
  'user-agent' => 'Mozilla/5.0 (Windows NT 6.2; WOW64) AppleWebKit/537.36 (KHTML, like Gecko) Chrome/49.0.2623.221 Safari/537.36 SE 2.X MetaSr 1.0',
  'connection' => 'close',
  'host' => 'gamebeta.cn',
)
[ info ] [ PARAM ] array (
)
[ info ] [ DB ] INIT mysql
[ info ] [ SESSION ] INIT array (
  'id' => '',
  'var_session_id' => '',
  'prefix' => 'think',
  'type' => '',
  'auto_start' => true,
)
[ info ] [ DB ] INIT mysql
[ info ] [ DB ] INIT mysql
[ info ] [ LOG ] INIT File
[ sql ] [ DB ] CONNECT:[ UseTime:0.000885s ] mysql:dbname=gamebeta;host=127.0.0.1;charset=utf8
[ sql ] [ SQL ] SHOW COLUMNS FROM `game_role` [ RunTime:0.073049s ]
[ sql ] [ SQL ] SELECT * FROM `game_role` WHERE  `role_id` = 4 LIMIT 1 [ RunTime:0.000594s ]
[ sql ] [ DB ] CONNECT:[ UseTime:0.000791s ] mysql:dbname=gamebeta;host=127.0.0.1;charset=utf8
[ sql ] [ SQL ] SHOW COLUMNS FROM `game_power` [ RunTime:0.006194s ]
[ sql ] [ SQL ] SELECT * FROM `game_power` WHERE  `power_id` IN (16,15,17) [ RunTime:0.000465s ]
---------------------------------------------------------------
[ 2017-05-13T23:43:22+08:00 ] 127.0.0.1 127.0.0.1 GET /admin/system/index.html
[ info ] gamebeta.cn/admin/system/index.html [运行时间：0.071412s][吞吐率：14.00req/s] [内存消耗：2,124.38kb] [文件加载：56]
[ info ] [ LANG ] G:\www11\gamebeta01\thinkphp\lang\zh-cn.php
[ info ] [ ROUTE ] array (
  'type' => 'module',
  'module' => 
  array (
    0 => 'admin',
    1 => 'system',
    2 => 'index',
  ),
)
[ info ] [ HEADER ] array (
  'cookie' => 'pgv_pvi=9371719680; PHPSESSID=9d58n86onlvg5d49qhj2dq99t0',
  'accept-language' => 'zh-CN,zh;q=0.8',
  'accept-encoding' => 'gzip, deflate, sdch',
  'referer' => 'http://gamebeta.cn/admin/manager/list_manager.html',
  'user-agent' => 'Mozilla/5.0 (Windows NT 6.2; WOW64) AppleWebKit/537.36 (KHTML, like Gecko) Chrome/49.0.2623.221 Safari/537.36 SE 2.X MetaSr 1.0',
  'upgrade-insecure-requests' => '1',
  'accept' => 'text/html,application/xhtml+xml,application/xml;q=0.9,image/webp,*/*;q=0.8',
  'connection' => 'close',
  'host' => 'gamebeta.cn',
)
[ info ] [ PARAM ] array (
)
[ info ] [ SESSION ] INIT array (
  'id' => '',
  'var_session_id' => '',
  'prefix' => 'think',
  'type' => '',
  'auto_start' => true,
)
[ info ] [ DB ] INIT mysql
[ info ] [ DB ] INIT mysql
[ info ] [ RUN ] app\admin\controller\System->index[ G:\www11\gamebeta01\application\admin\controller\System.php ]
[ info ] [ VIEW ] G:\www11\gamebeta01\public/../application/admin\view\system\index.html [ array (
) ]
[ info ] [ LOG ] INIT File
[ sql ] [ DB ] CONNECT:[ UseTime:0.000797s ] mysql:dbname=gamebeta;host=127.0.0.1;charset=utf8
[ sql ] [ SQL ] SHOW COLUMNS FROM `game_role` [ RunTime:0.006874s ]
[ sql ] [ SQL ] SELECT * FROM `game_role` WHERE  `role_id` = 4 LIMIT 1 [ RunTime:0.000343s ]
[ sql ] [ DB ] CONNECT:[ UseTime:0.017224s ] mysql:dbname=gamebeta;host=127.0.0.1;charset=utf8
[ sql ] [ SQL ] SHOW COLUMNS FROM `game_power` [ RunTime:0.006342s ]
[ sql ] [ SQL ] SELECT * FROM `game_power` WHERE  `power_id` IN (16,15,17) [ RunTime:0.000470s ]
---------------------------------------------------------------
[ 2017-05-13T23:43:25+08:00 ] 127.0.0.1 127.0.0.1 GET /admin/manager/list_manager.html
[ info ] gamebeta.cn/admin/manager/list_manager.html [运行时间：0.068620s][吞吐率：14.57req/s] [内存消耗：2,508.41kb] [文件加载：63]
[ info ] [ LANG ] G:\www11\gamebeta01\thinkphp\lang\zh-cn.php
[ info ] [ ROUTE ] array (
  'type' => 'module',
  'module' => 
  array (
    0 => 'admin',
    1 => 'manager',
    2 => 'list_manager',
  ),
)
[ info ] [ HEADER ] array (
  'cookie' => 'pgv_pvi=9371719680; PHPSESSID=9d58n86onlvg5d49qhj2dq99t0',
  'accept-language' => 'zh-CN,zh;q=0.8',
  'accept-encoding' => 'gzip, deflate, sdch',
  'referer' => 'http://gamebeta.cn/admin/index/index.html',
  'user-agent' => 'Mozilla/5.0 (Windows NT 6.2; WOW64) AppleWebKit/537.36 (KHTML, like Gecko) Chrome/49.0.2623.221 Safari/537.36 SE 2.X MetaSr 1.0',
  'upgrade-insecure-requests' => '1',
  'accept' => 'text/html,application/xhtml+xml,application/xml;q=0.9,image/webp,*/*;q=0.8',
  'connection' => 'close',
  'host' => 'gamebeta.cn',
)
[ info ] [ PARAM ] array (
)
[ info ] [ DB ] INIT mysql
[ info ] [ SESSION ] INIT array (
  'id' => '',
  'var_session_id' => '',
  'prefix' => 'think',
  'type' => '',
  'auto_start' => true,
)
[ info ] [ DB ] INIT mysql
[ info ] [ DB ] INIT mysql
[ info ] [ RUN ] app\admin\controller\Manager->list_manager[ G:\www11\gamebeta01\application\admin\controller\Manager.php ]
[ info ] [ VIEW ] G:\www11\gamebeta01\public/../application/admin\view\manager\list_manager.html [ array (
  0 => 'all_count',
  1 => 'list',
) ]
[ info ] [ LOG ] INIT File
[ sql ] [ DB ] CONNECT:[ UseTime:0.000670s ] mysql:dbname=gamebeta;host=127.0.0.1;charset=utf8
[ sql ] [ SQL ] SHOW COLUMNS FROM `game_role` [ RunTime:0.006739s ]
[ sql ] [ SQL ] SELECT * FROM `game_role` WHERE  `role_id` = 4 LIMIT 1 [ RunTime:0.000640s ]
[ sql ] [ DB ] CONNECT:[ UseTime:0.000741s ] mysql:dbname=gamebeta;host=127.0.0.1;charset=utf8
[ sql ] [ SQL ] SHOW COLUMNS FROM `game_power` [ RunTime:0.005793s ]
[ sql ] [ SQL ] SELECT * FROM `game_power` WHERE  `power_id` IN (16,15,17) [ RunTime:0.000409s ]
[ sql ] [ DB ] CONNECT:[ UseTime:0.000668s ] mysql:dbname=gamebeta;host=127.0.0.1;charset=utf8
[ sql ] [ SQL ] SHOW COLUMNS FROM `game_manager` [ RunTime:0.007018s ]
[ sql ] [ SQL ] SELECT COUNT(*) AS tp_count FROM `game_manager` LIMIT 1 [ RunTime:0.000283s ]
[ sql ] [ SQL ] SELECT * FROM `game_manager` LIMIT 0,20 [ RunTime:0.000357s ]
[ sql ] [ SQL ] SELECT COUNT(*) AS tp_count FROM `game_manager` LIMIT 1 [ RunTime:0.000252s ]
[ sql ] [ SQL ] SELECT COUNT(*) AS tp_count FROM `game_role` LIMIT 1 [ RunTime:0.000170s ]
[ sql ] [ SQL ] SELECT * FROM `game_role` LIMIT 0,20 [ RunTime:0.000286s ]
---------------------------------------------------------------
[ 2017-05-13T23:43:25+08:00 ] 127.0.0.1 127.0.0.1 GET /admin/manager/favicon.ico
[ info ] gamebeta.cn/admin/manager/favicon.ico [运行时间：0.094160s][吞吐率：10.62req/s] [内存消耗：2,365.40kb] [文件加载：61]
[ info ] [ LANG ] G:\www11\gamebeta01\thinkphp\lang\zh-cn.php
[ info ] [ ROUTE ] array (
  'type' => 'module',
  'module' => 
  array (
    0 => 'admin',
    1 => 'manager',
    2 => 'favicon.ico',
  ),
)
[ info ] [ HEADER ] array (
  'cookie' => 'pgv_pvi=9371719680; PHPSESSID=9d58n86onlvg5d49qhj2dq99t0',
  'accept-encoding' => 'gzip, deflate, sdch',
  'user-agent' => 'Mozilla/5.0 (Windows NT 6.2; WOW64) AppleWebKit/537.36 (KHTML, like Gecko) Chrome/49.0.2623.221 Safari/537.36 SE 2.X MetaSr 1.0',
  'connection' => 'close',
  'host' => 'gamebeta.cn',
)
[ info ] [ PARAM ] array (
)
[ info ] [ DB ] INIT mysql
[ info ] [ SESSION ] INIT array (
  'id' => '',
  'var_session_id' => '',
  'prefix' => 'think',
  'type' => '',
  'auto_start' => true,
)
[ info ] [ DB ] INIT mysql
[ info ] [ DB ] INIT mysql
[ info ] [ LOG ] INIT File
[ sql ] [ DB ] CONNECT:[ UseTime:0.009902s ] mysql:dbname=gamebeta;host=127.0.0.1;charset=utf8
[ sql ] [ SQL ] SHOW COLUMNS FROM `game_role` [ RunTime:0.009235s ]
[ sql ] [ SQL ] SELECT * FROM `game_role` WHERE  `role_id` = 4 LIMIT 1 [ RunTime:0.000372s ]
[ sql ] [ DB ] CONNECT:[ UseTime:0.001244s ] mysql:dbname=gamebeta;host=127.0.0.1;charset=utf8
[ sql ] [ SQL ] SHOW COLUMNS FROM `game_power` [ RunTime:0.009422s ]
[ sql ] [ SQL ] SELECT * FROM `game_power` WHERE  `power_id` IN (16,15,17) [ RunTime:0.000531s ]
---------------------------------------------------------------
[ 2017-05-13T23:43:45+08:00 ] 127.0.0.1 127.0.0.1 GET /admin/manager/list_manager.html
[ info ] gamebeta.cn/admin/manager/list_manager.html [运行时间：0.067954s][吞吐率：14.72req/s] [内存消耗：2,508.59kb] [文件加载：63]
[ info ] [ LANG ] G:\www11\gamebeta01\thinkphp\lang\zh-cn.php
[ info ] [ ROUTE ] array (
  'type' => 'module',
  'module' => 
  array (
    0 => 'admin',
    1 => 'manager',
    2 => 'list_manager',
  ),
)
[ info ] [ HEADER ] array (
  'cookie' => 'pgv_pvi=9371719680; PHPSESSID=9d58n86onlvg5d49qhj2dq99t0',
  'accept-language' => 'zh-CN,zh;q=0.8',
  'accept-encoding' => 'gzip, deflate, sdch',
  'referer' => 'http://gamebeta.cn/admin/index/index.html',
  'user-agent' => 'Mozilla/5.0 (Windows NT 6.2; WOW64) AppleWebKit/537.36 (KHTML, like Gecko) Chrome/49.0.2623.221 Safari/537.36 SE 2.X MetaSr 1.0',
  'upgrade-insecure-requests' => '1',
  'accept' => 'text/html,application/xhtml+xml,application/xml;q=0.9,image/webp,*/*;q=0.8',
  'cache-control' => 'max-age=0',
  'connection' => 'close',
  'host' => 'gamebeta.cn',
)
[ info ] [ PARAM ] array (
)
[ info ] [ DB ] INIT mysql
[ info ] [ SESSION ] INIT array (
  'id' => '',
  'var_session_id' => '',
  'prefix' => 'think',
  'type' => '',
  'auto_start' => true,
)
[ info ] [ DB ] INIT mysql
[ info ] [ DB ] INIT mysql
[ info ] [ RUN ] app\admin\controller\Manager->list_manager[ G:\www11\gamebeta01\application\admin\controller\Manager.php ]
[ info ] [ VIEW ] G:\www11\gamebeta01\public/../application/admin\view\manager\list_manager.html [ array (
  0 => 'all_count',
  1 => 'list',
) ]
[ info ] [ LOG ] INIT File
[ sql ] [ DB ] CONNECT:[ UseTime:0.000809s ] mysql:dbname=gamebeta;host=127.0.0.1;charset=utf8
[ sql ] [ SQL ] SHOW COLUMNS FROM `game_role` [ RunTime:0.006074s ]
[ sql ] [ SQL ] SELECT * FROM `game_role` WHERE  `role_id` = 4 LIMIT 1 [ RunTime:0.000437s ]
[ sql ] [ DB ] CONNECT:[ UseTime:0.000750s ] mysql:dbname=gamebeta;host=127.0.0.1;charset=utf8
[ sql ] [ SQL ] SHOW COLUMNS FROM `game_power` [ RunTime:0.006574s ]
[ sql ] [ SQL ] SELECT * FROM `game_power` WHERE  `power_id` IN (16,15,17) [ RunTime:0.000423s ]
[ sql ] [ DB ] CONNECT:[ UseTime:0.000646s ] mysql:dbname=gamebeta;host=127.0.0.1;charset=utf8
[ sql ] [ SQL ] SHOW COLUMNS FROM `game_manager` [ RunTime:0.009149s ]
[ sql ] [ SQL ] SELECT COUNT(*) AS tp_count FROM `game_manager` LIMIT 1 [ RunTime:0.000322s ]
[ sql ] [ SQL ] SELECT * FROM `game_manager` LIMIT 0,20 [ RunTime:0.000426s ]
[ sql ] [ SQL ] SELECT COUNT(*) AS tp_count FROM `game_manager` LIMIT 1 [ RunTime:0.000284s ]
[ sql ] [ SQL ] SELECT COUNT(*) AS tp_count FROM `game_role` LIMIT 1 [ RunTime:0.000241s ]
[ sql ] [ SQL ] SELECT * FROM `game_role` LIMIT 0,20 [ RunTime:0.000295s ]
---------------------------------------------------------------
[ 2017-05-13T23:43:46+08:00 ] 127.0.0.1 127.0.0.1 GET /admin/manager/favicon.ico
[ info ] gamebeta.cn/admin/manager/favicon.ico [运行时间：0.685043s][吞吐率：1.46req/s] [内存消耗：2,365.40kb] [文件加载：61]
[ info ] [ LANG ] G:\www11\gamebeta01\thinkphp\lang\zh-cn.php
[ info ] [ ROUTE ] array (
  'type' => 'module',
  'module' => 
  array (
    0 => 'admin',
    1 => 'manager',
    2 => 'favicon.ico',
  ),
)
[ info ] [ HEADER ] array (
  'cookie' => 'pgv_pvi=9371719680; PHPSESSID=9d58n86onlvg5d49qhj2dq99t0',
  'accept-encoding' => 'gzip, deflate, sdch',
  'user-agent' => 'Mozilla/5.0 (Windows NT 6.2; WOW64) AppleWebKit/537.36 (KHTML, like Gecko) Chrome/49.0.2623.221 Safari/537.36 SE 2.X MetaSr 1.0',
  'connection' => 'close',
  'host' => 'gamebeta.cn',
)
[ info ] [ PARAM ] array (
)
[ info ] [ DB ] INIT mysql
[ info ] [ SESSION ] INIT array (
  'id' => '',
  'var_session_id' => '',
  'prefix' => 'think',
  'type' => '',
  'auto_start' => true,
)
[ info ] [ DB ] INIT mysql
[ info ] [ DB ] INIT mysql
[ info ] [ LOG ] INIT File
[ sql ] [ DB ] CONNECT:[ UseTime:0.000632s ] mysql:dbname=gamebeta;host=127.0.0.1;charset=utf8
[ sql ] [ SQL ] SHOW COLUMNS FROM `game_role` [ RunTime:0.603804s ]
[ sql ] [ SQL ] SELECT * FROM `game_role` WHERE  `role_id` = 4 LIMIT 1 [ RunTime:0.000782s ]
[ sql ] [ DB ] CONNECT:[ UseTime:0.001413s ] mysql:dbname=gamebeta;host=127.0.0.1;charset=utf8
[ sql ] [ SQL ] SHOW COLUMNS FROM `game_power` [ RunTime:0.017783s ]
[ sql ] [ SQL ] SELECT * FROM `game_power` WHERE  `power_id` IN (16,15,17) [ RunTime:0.000922s ]
---------------------------------------------------------------
[ 2017-05-13T23:43:48+08:00 ] 127.0.0.1 127.0.0.1 GET /admin/system/index.html
[ info ] gamebeta.cn/admin/system/index.html [运行时间：0.062185s][吞吐率：16.08req/s] [内存消耗：1,989.27kb] [文件加载：54]
[ info ] [ LANG ] G:\www11\gamebeta01\thinkphp\lang\zh-cn.php
[ info ] [ ROUTE ] array (
  'type' => 'module',
  'module' => 
  array (
    0 => 'admin',
    1 => 'system',
    2 => 'index',
  ),
)
[ info ] [ HEADER ] array (
  'cookie' => 'pgv_pvi=9371719680; PHPSESSID=9d58n86onlvg5d49qhj2dq99t0',
  'accept-language' => 'zh-CN,zh;q=0.8',
  'accept-encoding' => 'gzip, deflate, sdch',
  'referer' => 'http://gamebeta.cn/admin/manager/list_manager.html',
  'user-agent' => 'Mozilla/5.0 (Windows NT 6.2; WOW64) AppleWebKit/537.36 (KHTML, like Gecko) Chrome/49.0.2623.221 Safari/537.36 SE 2.X MetaSr 1.0',
  'upgrade-insecure-requests' => '1',
  'accept' => 'text/html,application/xhtml+xml,application/xml;q=0.9,image/webp,*/*;q=0.8',
  'connection' => 'close',
  'host' => 'gamebeta.cn',
)
[ info ] [ PARAM ] array (
)
[ info ] [ SESSION ] INIT array (
  'id' => '',
  'var_session_id' => '',
  'prefix' => 'think',
  'type' => '',
  'auto_start' => true,
)
[ info ] [ DB ] INIT mysql
[ info ] [ DB ] INIT mysql
[ info ] [ RUN ] app\admin\controller\System->index[ G:\www11\gamebeta01\application\admin\controller\System.php ]
[ info ] [ VIEW ] G:\www11\gamebeta01\public/../application/admin\view\system\index.html [ array (
) ]
[ info ] [ LOG ] INIT File
[ sql ] [ DB ] CONNECT:[ UseTime:0.008523s ] mysql:dbname=gamebeta;host=127.0.0.1;charset=utf8
[ sql ] [ SQL ] SHOW COLUMNS FROM `game_role` [ RunTime:0.008111s ]
[ sql ] [ SQL ] SELECT * FROM `game_role` WHERE  `role_id` = 4 LIMIT 1 [ RunTime:0.000334s ]
[ sql ] [ DB ] CONNECT:[ UseTime:0.000558s ] mysql:dbname=gamebeta;host=127.0.0.1;charset=utf8
[ sql ] [ SQL ] SHOW COLUMNS FROM `game_power` [ RunTime:0.006803s ]
[ sql ] [ SQL ] SELECT * FROM `game_power` WHERE  `power_id` IN (16,15,17) [ RunTime:0.000372s ]
---------------------------------------------------------------
[ 2017-05-13T23:43:48+08:00 ] 127.0.0.1 127.0.0.1 GET /admin/system/favicon.ico
[ info ] gamebeta.cn/admin/system/favicon.ico [运行时间：0.084859s][吞吐率：11.78req/s] [内存消耗：1,963.25kb] [文件加载：55]
[ info ] [ LANG ] G:\www11\gamebeta01\thinkphp\lang\zh-cn.php
[ info ] [ ROUTE ] array (
  'type' => 'module',
  'module' => 
  array (
    0 => 'admin',
    1 => 'system',
    2 => 'favicon.ico',
  ),
)
[ info ] [ HEADER ] array (
  'cookie' => 'pgv_pvi=9371719680; PHPSESSID=9d58n86onlvg5d49qhj2dq99t0',
  'accept-encoding' => 'gzip, deflate, sdch',
  'user-agent' => 'Mozilla/5.0 (Windows NT 6.2; WOW64) AppleWebKit/537.36 (KHTML, like Gecko) Chrome/49.0.2623.221 Safari/537.36 SE 2.X MetaSr 1.0',
  'connection' => 'close',
  'host' => 'gamebeta.cn',
)
[ info ] [ PARAM ] array (
)
[ info ] [ SESSION ] INIT array (
  'id' => '',
  'var_session_id' => '',
  'prefix' => 'think',
  'type' => '',
  'auto_start' => true,
)
[ info ] [ DB ] INIT mysql
[ info ] [ DB ] INIT mysql
[ info ] [ LOG ] INIT File
[ sql ] [ DB ] CONNECT:[ UseTime:0.000827s ] mysql:dbname=gamebeta;host=127.0.0.1;charset=utf8
[ sql ] [ SQL ] SHOW COLUMNS FROM `game_role` [ RunTime:0.009300s ]
[ sql ] [ SQL ] SELECT * FROM `game_role` WHERE  `role_id` = 4 LIMIT 1 [ RunTime:0.000639s ]
[ sql ] [ DB ] CONNECT:[ UseTime:0.001827s ] mysql:dbname=gamebeta;host=127.0.0.1;charset=utf8
[ sql ] [ SQL ] SHOW COLUMNS FROM `game_power` [ RunTime:0.009640s ]
[ sql ] [ SQL ] SELECT * FROM `game_power` WHERE  `power_id` IN (16,15,17) [ RunTime:0.000496s ]
