---------------------------------------------------------------
[ 2017-05-14T00:12:11+08:00 ] 127.0.0.1 127.0.0.1 GET /admin/system/index.html
[ info ] gamebeta.cn/admin/system/index.html [运行时间：0.095790s][吞吐率：10.44req/s] [内存消耗：2,142.33kb] [文件加载：56]
[ info ] [ LANG ] G:\www11\gamebeta01\thinkphp\lang\zh-cn.php
[ info ] [ ROUTE ] array (
  'type' => 'module',
  'module' => 
  array (
    0 => 'admin',
    1 => 'system',
    2 => 'index',
  ),
)
[ info ] [ HEADER ] array (
  'cookie' => 'pgv_pvi=9371719680; PHPSESSID=9d58n86onlvg5d49qhj2dq99t0',
  'accept-language' => 'zh-CN,zh;q=0.8',
  'accept-encoding' => 'gzip, deflate, sdch',
  'referer' => 'http://gamebeta.cn/admin/manager/list_manager.html',
  'user-agent' => 'Mozilla/5.0 (Windows NT 6.2; WOW64) AppleWebKit/537.36 (KHTML, like Gecko) Chrome/49.0.2623.221 Safari/537.36 SE 2.X MetaSr 1.0',
  'upgrade-insecure-requests' => '1',
  'accept' => 'text/html,application/xhtml+xml,application/xml;q=0.9,image/webp,*/*;q=0.8',
  'cache-control' => 'max-age=0',
  'connection' => 'close',
  'host' => 'gamebeta.cn',
)
[ info ] [ PARAM ] array (
)
[ info ] [ SESSION ] INIT array (
  'id' => '',
  'var_session_id' => '',
  'prefix' => 'think',
  'type' => '',
  'auto_start' => true,
)
[ info ] [ DB ] INIT mysql
[ info ] [ DB ] INIT mysql
[ info ] [ RUN ] app\admin\controller\System->index[ G:\www11\gamebeta01\application\admin\controller\System.php ]
[ info ] [ VIEW ] G:\www11\gamebeta01\public/../application/admin\view\system\index.html [ array (
) ]
[ info ] [ LOG ] INIT File
[ sql ] [ DB ] CONNECT:[ UseTime:0.003110s ] mysql:dbname=gamebeta;host=127.0.0.1;charset=utf8
[ sql ] [ SQL ] SHOW COLUMNS FROM `game_role` [ RunTime:0.027840s ]
[ sql ] [ SQL ] SELECT * FROM `game_role` WHERE  `role_id` = 4 LIMIT 1 [ RunTime:0.000499s ]
[ sql ] [ DB ] CONNECT:[ UseTime:0.010597s ] mysql:dbname=gamebeta;host=127.0.0.1;charset=utf8
[ sql ] [ SQL ] SHOW COLUMNS FROM `game_power` [ RunTime:0.006837s ]
[ sql ] [ SQL ] SELECT * FROM `game_power` WHERE  `power_id` IN (16,15,17) [ RunTime:0.000454s ]
---------------------------------------------------------------
[ 2017-05-14T00:12:11+08:00 ] 127.0.0.1 127.0.0.1 GET /admin/system/favicon.ico
[ info ] gamebeta.cn/admin/system/favicon.ico [运行时间：0.052827s][吞吐率：18.93req/s] [内存消耗：1,963.83kb] [文件加载：55]
[ info ] [ LANG ] G:\www11\gamebeta01\thinkphp\lang\zh-cn.php
[ info ] [ ROUTE ] array (
  'type' => 'module',
  'module' => 
  array (
    0 => 'admin',
    1 => 'system',
    2 => 'favicon.ico',
  ),
)
[ info ] [ HEADER ] array (
  'cookie' => 'pgv_pvi=9371719680; PHPSESSID=9d58n86onlvg5d49qhj2dq99t0',
  'accept-encoding' => 'gzip, deflate, sdch',
  'user-agent' => 'Mozilla/5.0 (Windows NT 6.2; WOW64) AppleWebKit/537.36 (KHTML, like Gecko) Chrome/49.0.2623.221 Safari/537.36 SE 2.X MetaSr 1.0',
  'connection' => 'close',
  'host' => 'gamebeta.cn',
)
[ info ] [ PARAM ] array (
)
[ info ] [ SESSION ] INIT array (
  'id' => '',
  'var_session_id' => '',
  'prefix' => 'think',
  'type' => '',
  'auto_start' => true,
)
[ info ] [ DB ] INIT mysql
[ info ] [ DB ] INIT mysql
[ info ] [ LOG ] INIT File
[ sql ] [ DB ] CONNECT:[ UseTime:0.000706s ] mysql:dbname=gamebeta;host=127.0.0.1;charset=utf8
[ sql ] [ SQL ] SHOW COLUMNS FROM `game_role` [ RunTime:0.006708s ]
[ sql ] [ SQL ] SELECT * FROM `game_role` WHERE  `role_id` = 4 LIMIT 1 [ RunTime:0.000379s ]
[ sql ] [ DB ] CONNECT:[ UseTime:0.000797s ] mysql:dbname=gamebeta;host=127.0.0.1;charset=utf8
[ sql ] [ SQL ] SHOW COLUMNS FROM `game_power` [ RunTime:0.008380s ]
[ sql ] [ SQL ] SELECT * FROM `game_power` WHERE  `power_id` IN (16,15,17) [ RunTime:0.000330s ]
---------------------------------------------------------------
[ 2017-05-14T00:13:56+08:00 ] 127.0.0.1 127.0.0.1 POST /admin/system/index.html
[ info ] gamebeta.cn/admin/system/index.html [运行时间：0.073657s][吞吐率：13.58req/s] [内存消耗：1,982.13kb] [文件加载：56]
[ info ] [ LANG ] G:\www11\gamebeta01\thinkphp\lang\zh-cn.php
[ info ] [ ROUTE ] array (
  'type' => 'module',
  'module' => 
  array (
    0 => 'admin',
    1 => 'system',
    2 => 'index',
  ),
)
[ info ] [ HEADER ] array (
  'cookie' => 'pgv_pvi=9371719680; PHPSESSID=9d58n86onlvg5d49qhj2dq99t0',
  'accept-language' => 'zh-CN,zh;q=0.8',
  'accept-encoding' => 'gzip, deflate',
  'referer' => 'http://gamebeta.cn/admin/system/index.html',
  'content-type' => 'application/x-www-form-urlencoded',
  'user-agent' => 'Mozilla/5.0 (Windows NT 6.2; WOW64) AppleWebKit/537.36 (KHTML, like Gecko) Chrome/49.0.2623.221 Safari/537.36 SE 2.X MetaSr 1.0',
  'upgrade-insecure-requests' => '1',
  'origin' => 'http://gamebeta.cn',
  'accept' => 'text/html,application/xhtml+xml,application/xml;q=0.9,image/webp,*/*;q=0.8',
  'cache-control' => 'max-age=0',
  'content-length' => '657',
  'connection' => 'close',
  'host' => 'gamebeta.cn',
)
[ info ] [ PARAM ] array (
  'system_sitename' => '引爆平台',
  'system_keywords' => '引爆流量,引爆各大平台',
  'system_description' => '引爆系统，转为凭条引爆流量而生',
  'system_static' => '/static',
  'system_upload' => '/upload',
  'system_copyright' => '@引爆平台 微奥科技版权所有',
  'system_icp' => '',
  'system_count' => '',
  'system_allowip' => '',
  'system_login' => '5',
  'system_send' => '',
  'system_smtphost' => '',
  'system_smtpport' => '25',
  'system_emailaccount' => '',
  'system_emailpwd' => '',
  'system_emailaddr' => '',
)
[ info ] [ SESSION ] INIT array (
  'id' => '',
  'var_session_id' => '',
  'prefix' => 'think',
  'type' => '',
  'auto_start' => true,
)
[ info ] [ DB ] INIT mysql
[ info ] [ DB ] INIT mysql
[ info ] [ RUN ] app\admin\controller\System->index[ G:\www11\gamebeta01\application\admin\controller\System.php ]
[ info ] [ LOG ] INIT File
[ sql ] [ DB ] CONNECT:[ UseTime:0.000993s ] mysql:dbname=gamebeta;host=127.0.0.1;charset=utf8
[ sql ] [ SQL ] SHOW COLUMNS FROM `game_role` [ RunTime:0.006019s ]
[ sql ] [ SQL ] SELECT * FROM `game_role` WHERE  `role_id` = 4 LIMIT 1 [ RunTime:0.000454s ]
[ sql ] [ DB ] CONNECT:[ UseTime:0.000754s ] mysql:dbname=gamebeta;host=127.0.0.1;charset=utf8
[ sql ] [ SQL ] SHOW COLUMNS FROM `game_power` [ RunTime:0.006762s ]
[ sql ] [ SQL ] SELECT * FROM `game_power` WHERE  `power_id` IN (16,15,17) [ RunTime:0.000416s ]
[ error ] [1]Call to a member function editsystem() on array[G:\www11\gamebeta01\application\admin\controller\System.php:12]
---------------------------------------------------------------
[ 2017-05-14T00:14:55+08:00 ] 127.0.0.1 127.0.0.1 POST /admin/system/index.html
[ info ] gamebeta.cn/admin/system/index.html [运行时间：0.065001s][吞吐率：15.38req/s] [内存消耗：1,922.15kb] [文件加载：51]
[ info ] [ LANG ] G:\www11\gamebeta01\thinkphp\lang\zh-cn.php
[ info ] [ ROUTE ] array (
  'type' => 'module',
  'module' => 
  array (
    0 => 'admin',
    1 => 'system',
    2 => 'index',
  ),
)
[ info ] [ HEADER ] array (
  'cookie' => 'pgv_pvi=9371719680; PHPSESSID=9d58n86onlvg5d49qhj2dq99t0',
  'accept-language' => 'zh-CN,zh;q=0.8',
  'accept-encoding' => 'gzip, deflate',
  'referer' => 'http://gamebeta.cn/admin/system/index.html',
  'content-type' => 'application/x-www-form-urlencoded',
  'user-agent' => 'Mozilla/5.0 (Windows NT 6.2; WOW64) AppleWebKit/537.36 (KHTML, like Gecko) Chrome/49.0.2623.221 Safari/537.36 SE 2.X MetaSr 1.0',
  'upgrade-insecure-requests' => '1',
  'origin' => 'http://gamebeta.cn',
  'accept' => 'text/html,application/xhtml+xml,application/xml;q=0.9,image/webp,*/*;q=0.8',
  'cache-control' => 'max-age=0',
  'content-length' => '657',
  'connection' => 'close',
  'host' => 'gamebeta.cn',
)
[ info ] [ PARAM ] array (
  'system_sitename' => '引爆平台',
  'system_keywords' => '引爆流量,引爆各大平台',
  'system_description' => '引爆系统，转为凭条引爆流量而生',
  'system_static' => '/static',
  'system_upload' => '/upload',
  'system_copyright' => '@引爆平台 微奥科技版权所有',
  'system_icp' => '',
  'system_count' => '',
  'system_allowip' => '',
  'system_login' => '5',
  'system_send' => '',
  'system_smtphost' => '',
  'system_smtpport' => '25',
  'system_emailaccount' => '',
  'system_emailpwd' => '',
  'system_emailaddr' => '',
)
[ info ] [ SESSION ] INIT array (
  'id' => '',
  'var_session_id' => '',
  'prefix' => 'think',
  'type' => '',
  'auto_start' => true,
)
[ info ] [ DB ] INIT mysql
[ info ] [ DB ] INIT mysql
[ info ] [ RUN ] app\admin\controller\System->index[ G:\www11\gamebeta01\application\admin\controller\System.php ]
[ info ] [ LOG ] INIT File
[ sql ] [ DB ] CONNECT:[ UseTime:0.000872s ] mysql:dbname=gamebeta;host=127.0.0.1;charset=utf8
[ sql ] [ SQL ] SHOW COLUMNS FROM `game_role` [ RunTime:0.006136s ]
[ sql ] [ SQL ] SELECT * FROM `game_role` WHERE  `role_id` = 4 LIMIT 1 [ RunTime:0.000295s ]
[ sql ] [ DB ] CONNECT:[ UseTime:0.000550s ] mysql:dbname=gamebeta;host=127.0.0.1;charset=utf8
[ sql ] [ SQL ] SHOW COLUMNS FROM `game_power` [ RunTime:0.006410s ]
[ sql ] [ SQL ] SELECT * FROM `game_power` WHERE  `power_id` IN (16,15,17) [ RunTime:0.000314s ]
---------------------------------------------------------------
[ 2017-05-14T00:15:52+08:00 ] 127.0.0.1 127.0.0.1 POST /admin/system/index.html
[ info ] gamebeta.cn/admin/system/index.html [运行时间：0.079334s][吞吐率：12.60req/s] [内存消耗：1,982.18kb] [文件加载：56]
[ info ] [ LANG ] G:\www11\gamebeta01\thinkphp\lang\zh-cn.php
[ info ] [ ROUTE ] array (
  'type' => 'module',
  'module' => 
  array (
    0 => 'admin',
    1 => 'system',
    2 => 'index',
  ),
)
[ info ] [ HEADER ] array (
  'cookie' => 'pgv_pvi=9371719680; PHPSESSID=9d58n86onlvg5d49qhj2dq99t0',
  'accept-language' => 'zh-CN,zh;q=0.8',
  'accept-encoding' => 'gzip, deflate',
  'referer' => 'http://gamebeta.cn/admin/system/index.html',
  'content-type' => 'application/x-www-form-urlencoded',
  'user-agent' => 'Mozilla/5.0 (Windows NT 6.2; WOW64) AppleWebKit/537.36 (KHTML, like Gecko) Chrome/49.0.2623.221 Safari/537.36 SE 2.X MetaSr 1.0',
  'upgrade-insecure-requests' => '1',
  'origin' => 'http://gamebeta.cn',
  'accept' => 'text/html,application/xhtml+xml,application/xml;q=0.9,image/webp,*/*;q=0.8',
  'cache-control' => 'max-age=0',
  'content-length' => '657',
  'connection' => 'close',
  'host' => 'gamebeta.cn',
)
[ info ] [ PARAM ] array (
  'system_sitename' => '引爆平台',
  'system_keywords' => '引爆流量,引爆各大平台',
  'system_description' => '引爆系统，转为凭条引爆流量而生',
  'system_static' => '/static',
  'system_upload' => '/upload',
  'system_copyright' => '@引爆平台 微奥科技版权所有',
  'system_icp' => '',
  'system_count' => '',
  'system_allowip' => '',
  'system_login' => '5',
  'system_send' => '',
  'system_smtphost' => '',
  'system_smtpport' => '25',
  'system_emailaccount' => '',
  'system_emailpwd' => '',
  'system_emailaddr' => '',
)
[ info ] [ SESSION ] INIT array (
  'id' => '',
  'var_session_id' => '',
  'prefix' => 'think',
  'type' => '',
  'auto_start' => true,
)
[ info ] [ DB ] INIT mysql
[ info ] [ DB ] INIT mysql
[ info ] [ RUN ] app\admin\controller\System->index[ G:\www11\gamebeta01\application\admin\controller\System.php ]
[ info ] [ LOG ] INIT File
[ sql ] [ DB ] CONNECT:[ UseTime:0.010587s ] mysql:dbname=gamebeta;host=127.0.0.1;charset=utf8
[ sql ] [ SQL ] SHOW COLUMNS FROM `game_role` [ RunTime:0.007056s ]
[ sql ] [ SQL ] SELECT * FROM `game_role` WHERE  `role_id` = 4 LIMIT 1 [ RunTime:0.000347s ]
[ sql ] [ DB ] CONNECT:[ UseTime:0.000778s ] mysql:dbname=gamebeta;host=127.0.0.1;charset=utf8
[ sql ] [ SQL ] SHOW COLUMNS FROM `game_power` [ RunTime:0.006722s ]
[ sql ] [ SQL ] SELECT * FROM `game_power` WHERE  `power_id` IN (16,15,17) [ RunTime:0.000481s ]
[ error ] [1]Call to a member function editsystem() on array[G:\www11\gamebeta01\application\admin\controller\System.php:12]
---------------------------------------------------------------
[ 2017-05-14T00:16:08+08:00 ] 127.0.0.1 127.0.0.1 POST /admin/system/index.html
[ info ] gamebeta.cn/admin/system/index.html [运行时间：0.178602s][吞吐率：5.60req/s] [内存消耗：1,982.18kb] [文件加载：56]
[ info ] [ LANG ] G:\www11\gamebeta01\thinkphp\lang\zh-cn.php
[ info ] [ ROUTE ] array (
  'type' => 'module',
  'module' => 
  array (
    0 => 'admin',
    1 => 'system',
    2 => 'index',
  ),
)
[ info ] [ HEADER ] array (
  'cookie' => 'pgv_pvi=9371719680; PHPSESSID=9d58n86onlvg5d49qhj2dq99t0',
  'accept-language' => 'zh-CN,zh;q=0.8',
  'accept-encoding' => 'gzip, deflate',
  'referer' => 'http://gamebeta.cn/admin/system/index.html',
  'content-type' => 'application/x-www-form-urlencoded',
  'user-agent' => 'Mozilla/5.0 (Windows NT 6.2; WOW64) AppleWebKit/537.36 (KHTML, like Gecko) Chrome/49.0.2623.221 Safari/537.36 SE 2.X MetaSr 1.0',
  'upgrade-insecure-requests' => '1',
  'origin' => 'http://gamebeta.cn',
  'accept' => 'text/html,application/xhtml+xml,application/xml;q=0.9,image/webp,*/*;q=0.8',
  'cache-control' => 'max-age=0',
  'content-length' => '657',
  'connection' => 'close',
  'host' => 'gamebeta.cn',
)
[ info ] [ PARAM ] array (
  'system_sitename' => '引爆平台',
  'system_keywords' => '引爆流量,引爆各大平台',
  'system_description' => '引爆系统，转为凭条引爆流量而生',
  'system_static' => '/static',
  'system_upload' => '/upload',
  'system_copyright' => '@引爆平台 微奥科技版权所有',
  'system_icp' => '',
  'system_count' => '',
  'system_allowip' => '',
  'system_login' => '5',
  'system_send' => '',
  'system_smtphost' => '',
  'system_smtpport' => '25',
  'system_emailaccount' => '',
  'system_emailpwd' => '',
  'system_emailaddr' => '',
)
[ info ] [ SESSION ] INIT array (
  'id' => '',
  'var_session_id' => '',
  'prefix' => 'think',
  'type' => '',
  'auto_start' => true,
)
[ info ] [ DB ] INIT mysql
[ info ] [ DB ] INIT mysql
[ info ] [ RUN ] app\admin\controller\System->index[ G:\www11\gamebeta01\application\admin\controller\System.php ]
[ info ] [ LOG ] INIT File
[ sql ] [ DB ] CONNECT:[ UseTime:0.001359s ] mysql:dbname=gamebeta;host=127.0.0.1;charset=utf8
[ sql ] [ SQL ] SHOW COLUMNS FROM `game_role` [ RunTime:0.023105s ]
[ sql ] [ SQL ] SELECT * FROM `game_role` WHERE  `role_id` = 4 LIMIT 1 [ RunTime:0.000298s ]
[ sql ] [ DB ] CONNECT:[ UseTime:0.000545s ] mysql:dbname=gamebeta;host=127.0.0.1;charset=utf8
[ sql ] [ SQL ] SHOW COLUMNS FROM `game_power` [ RunTime:0.006430s ]
[ sql ] [ SQL ] SELECT * FROM `game_power` WHERE  `power_id` IN (16,15,17) [ RunTime:0.000445s ]
[ error ] [1]Call to a member function editsystem() on array[G:\www11\gamebeta01\application\admin\controller\System.php:12]
---------------------------------------------------------------
[ 2017-05-14T00:16:37+08:00 ] 127.0.0.1 127.0.0.1 POST /admin/system/index.html
[ info ] gamebeta.cn/admin/system/index.html [运行时间：0.071594s][吞吐率：13.97req/s] [内存消耗：2,284.02kb] [文件加载：57]
[ info ] [ LANG ] G:\www11\gamebeta01\thinkphp\lang\zh-cn.php
[ info ] [ ROUTE ] array (
  'type' => 'module',
  'module' => 
  array (
    0 => 'admin',
    1 => 'system',
    2 => 'index',
  ),
)
[ info ] [ HEADER ] array (
  'cookie' => 'pgv_pvi=9371719680; PHPSESSID=9d58n86onlvg5d49qhj2dq99t0',
  'accept-language' => 'zh-CN,zh;q=0.8',
  'accept-encoding' => 'gzip, deflate',
  'referer' => 'http://gamebeta.cn/admin/system/index.html',
  'content-type' => 'application/x-www-form-urlencoded',
  'user-agent' => 'Mozilla/5.0 (Windows NT 6.2; WOW64) AppleWebKit/537.36 (KHTML, like Gecko) Chrome/49.0.2623.221 Safari/537.36 SE 2.X MetaSr 1.0',
  'upgrade-insecure-requests' => '1',
  'origin' => 'http://gamebeta.cn',
  'accept' => 'text/html,application/xhtml+xml,application/xml;q=0.9,image/webp,*/*;q=0.8',
  'cache-control' => 'max-age=0',
  'content-length' => '657',
  'connection' => 'close',
  'host' => 'gamebeta.cn',
)
[ info ] [ PARAM ] array (
  'system_sitename' => '引爆平台',
  'system_keywords' => '引爆流量,引爆各大平台',
  'system_description' => '引爆系统，转为凭条引爆流量而生',
  'system_static' => '/static',
  'system_upload' => '/upload',
  'system_copyright' => '@引爆平台 微奥科技版权所有',
  'system_icp' => '',
  'system_count' => '',
  'system_allowip' => '',
  'system_login' => '5',
  'system_send' => '',
  'system_smtphost' => '',
  'system_smtpport' => '25',
  'system_emailaccount' => '',
  'system_emailpwd' => '',
  'system_emailaddr' => '',
)
[ info ] [ SESSION ] INIT array (
  'id' => '',
  'var_session_id' => '',
  'prefix' => 'think',
  'type' => '',
  'auto_start' => true,
)
[ info ] [ DB ] INIT mysql
[ info ] [ DB ] INIT mysql
[ info ] [ RUN ] app\admin\controller\System->index[ G:\www11\gamebeta01\application\admin\controller\System.php ]
[ info ] [ DB ] INIT mysql
[ info ] [ VIEW ] G:\www11\gamebeta01\public/../application/admin\view\system\index.html [ array (
) ]
[ info ] [ LOG ] INIT File
[ sql ] [ DB ] CONNECT:[ UseTime:0.000734s ] mysql:dbname=gamebeta;host=127.0.0.1;charset=utf8
[ sql ] [ SQL ] SHOW COLUMNS FROM `game_role` [ RunTime:0.005811s ]
[ sql ] [ SQL ] SELECT * FROM `game_role` WHERE  `role_id` = 4 LIMIT 1 [ RunTime:0.000372s ]
[ sql ] [ DB ] CONNECT:[ UseTime:0.000559s ] mysql:dbname=gamebeta;host=127.0.0.1;charset=utf8
[ sql ] [ SQL ] SHOW COLUMNS FROM `game_power` [ RunTime:0.006609s ]
[ sql ] [ SQL ] SELECT * FROM `game_power` WHERE  `power_id` IN (16,15,17) [ RunTime:0.000432s ]
---------------------------------------------------------------
[ 2017-05-14T00:16:43+08:00 ] 127.0.0.1 127.0.0.1 POST /admin/system/index.html
[ info ] gamebeta.cn/admin/system/index.html [运行时间：0.066168s][吞吐率：15.11req/s] [内存消耗：2,196.07kb] [文件加载：54]
[ info ] [ LANG ] G:\www11\gamebeta01\thinkphp\lang\zh-cn.php
[ info ] [ ROUTE ] array (
  'type' => 'module',
  'module' => 
  array (
    0 => 'admin',
    1 => 'system',
    2 => 'index',
  ),
)
[ info ] [ HEADER ] array (
  'cookie' => 'pgv_pvi=9371719680; PHPSESSID=9d58n86onlvg5d49qhj2dq99t0',
  'accept-language' => 'zh-CN,zh;q=0.8',
  'accept-encoding' => 'gzip, deflate',
  'referer' => 'http://gamebeta.cn/admin/system/index.html',
  'content-type' => 'application/x-www-form-urlencoded',
  'user-agent' => 'Mozilla/5.0 (Windows NT 6.2; WOW64) AppleWebKit/537.36 (KHTML, like Gecko) Chrome/49.0.2623.221 Safari/537.36 SE 2.X MetaSr 1.0',
  'upgrade-insecure-requests' => '1',
  'origin' => 'http://gamebeta.cn',
  'accept' => 'text/html,application/xhtml+xml,application/xml;q=0.9,image/webp,*/*;q=0.8',
  'cache-control' => 'max-age=0',
  'content-length' => '657',
  'connection' => 'close',
  'host' => 'gamebeta.cn',
)
[ info ] [ PARAM ] array (
  'system_sitename' => '引爆平台',
  'system_keywords' => '引爆流量,引爆各大平台',
  'system_description' => '引爆系统，转为凭条引爆流量而生',
  'system_static' => '/static',
  'system_upload' => '/upload',
  'system_copyright' => '@引爆平台 微奥科技版权所有',
  'system_icp' => '',
  'system_count' => '',
  'system_allowip' => '',
  'system_login' => '5',
  'system_send' => '',
  'system_smtphost' => '',
  'system_smtpport' => '25',
  'system_emailaccount' => '',
  'system_emailpwd' => '',
  'system_emailaddr' => '',
)
[ info ] [ SESSION ] INIT array (
  'id' => '',
  'var_session_id' => '',
  'prefix' => 'think',
  'type' => '',
  'auto_start' => true,
)
[ info ] [ DB ] INIT mysql
[ info ] [ DB ] INIT mysql
[ info ] [ RUN ] app\admin\controller\System->index[ G:\www11\gamebeta01\application\admin\controller\System.php ]
[ info ] [ DB ] INIT mysql
[ info ] [ LOG ] INIT File
[ sql ] [ DB ] CONNECT:[ UseTime:0.000631s ] mysql:dbname=gamebeta;host=127.0.0.1;charset=utf8
[ sql ] [ SQL ] SHOW COLUMNS FROM `game_role` [ RunTime:0.009401s ]
[ sql ] [ SQL ] SELECT * FROM `game_role` WHERE  `role_id` = 4 LIMIT 1 [ RunTime:0.000319s ]
[ sql ] [ DB ] CONNECT:[ UseTime:0.000543s ] mysql:dbname=gamebeta;host=127.0.0.1;charset=utf8
[ sql ] [ SQL ] SHOW COLUMNS FROM `game_power` [ RunTime:0.005903s ]
[ sql ] [ SQL ] SELECT * FROM `game_power` WHERE  `power_id` IN (16,15,17) [ RunTime:0.000311s ]
